The system is: Linux - 4.4.0-147-generic - x86_64
Compiling the C compiler identification source file "CMakeCCompilerId.c" succeeded.
Compiler: /home/aakash/anaconda3/bin/cc 
Build flags: 
Id flags: 

The output was:
0


Compilation of the C compiler identification source "CMakeCCompilerId.c" produced "a.out"

The C compiler identification is GNU, found in "/home/aakash/Desktop/Bonn/Humanoid Robotics/group-25/build/linux/08_signed_distance_function/CMakeFiles/3.5.1/CompilerIdC/a.out"

Compiling the CXX compiler identification source file "CMakeCXXCompilerId.cpp" succeeded.
Compiler: /home/aakash/anaconda3/bin/c++ 
Build flags: 
Id flags: 

The output was:
0


Compilation of the CXX compiler identification source "CMakeCXXCompilerId.cpp" produced "a.out"

The CXX compiler identification is GNU, found in "/home/aakash/Desktop/Bonn/Humanoid Robotics/group-25/build/linux/08_signed_distance_function/CMakeFiles/3.5.1/CompilerIdCXX/a.out"

Determining if the C compiler works passed with the following output:
Change Dir: /home/aakash/Desktop/Bonn/Humanoid Robotics/group-25/build/linux/08_signed_distance_function/CMakeFiles/CMakeTmp

Run Build Command:"/usr/bin/make" "cmTC_db316/fast"
make[1]: Entering directory '/home/aakash/Desktop/Bonn/Humanoid Robotics/group-25/build/linux/08_signed_distance_function/CMakeFiles/CMakeTmp'
/usr/bin/make -f CMakeFiles/cmTC_db316.dir/build.make CMakeFiles/cmTC_db316.dir/build
make[2]: Entering directory '/home/aakash/Desktop/Bonn/Humanoid Robotics/group-25/build/linux/08_signed_distance_function/CMakeFiles/CMakeTmp'
Building C object CMakeFiles/cmTC_db316.dir/testCCompiler.c.o
/home/aakash/anaconda3/bin/cc     -o CMakeFiles/cmTC_db316.dir/testCCompiler.c.o   -c "/home/aakash/Desktop/Bonn/Humanoid Robotics/group-25/build/linux/08_signed_distance_function/CMakeFiles/CMakeTmp/testCCompiler.c"
Linking C executable cmTC_db316
/usr/bin/cmake -E cmake_link_script CMakeFiles/cmTC_db316.dir/link.txt --verbose=1
/home/aakash/anaconda3/bin/cc       CMakeFiles/cmTC_db316.dir/testCCompiler.c.o  -o cmTC_db316 -rdynamic 
make[2]: Leaving directory '/home/aakash/Desktop/Bonn/Humanoid Robotics/group-25/build/linux/08_signed_distance_function/CMakeFiles/CMakeTmp'
make[1]: Leaving directory '/home/aakash/Desktop/Bonn/Humanoid Robotics/group-25/build/linux/08_signed_distance_function/CMakeFiles/CMakeTmp'


Detecting C compiler ABI info compiled with the following output:
Change Dir: /home/aakash/Desktop/Bonn/Humanoid Robotics/group-25/build/linux/08_signed_distance_function/CMakeFiles/CMakeTmp

Run Build Command:"/usr/bin/make" "cmTC_8f74d/fast"
make[1]: Entering directory '/home/aakash/Desktop/Bonn/Humanoid Robotics/group-25/build/linux/08_signed_distance_function/CMakeFiles/CMakeTmp'
/usr/bin/make -f CMakeFiles/cmTC_8f74d.dir/build.make CMakeFiles/cmTC_8f74d.dir/build
make[2]: Entering directory '/home/aakash/Desktop/Bonn/Humanoid Robotics/group-25/build/linux/08_signed_distance_function/CMakeFiles/CMakeTmp'
Building C object CMakeFiles/cmTC_8f74d.dir/CMakeCCompilerABI.c.o
/home/aakash/anaconda3/bin/cc     -o CMakeFiles/cmTC_8f74d.dir/CMakeCCompilerABI.c.o   -c /usr/share/cmake-3.5/Modules/CMakeCCompilerABI.c
Linking C executable cmTC_8f74d
/usr/bin/cmake -E cmake_link_script CMakeFiles/cmTC_8f74d.dir/link.txt --verbose=1
/home/aakash/anaconda3/bin/cc      -v CMakeFiles/cmTC_8f74d.dir/CMakeCCompilerABI.c.o  -o cmTC_8f74d -rdynamic  
Reading specs from /home/aakash/anaconda3/bin/../lib/gcc/x86_64-unknown-linux-gnu/4.8.5/specs
COLLECT_GCC=/home/aakash/anaconda3/bin/cc
COLLECT_LTO_WRAPPER=/home/aakash/anaconda3/bin/../libexec/gcc/x86_64-unknown-linux-gnu/4.8.5/lto-wrapper
Target: x86_64-unknown-linux-gnu
Configured with: ./configure --prefix=/home/ray/mc-x64-2.7/conda-bld/gcc_1479223211463/_b_env_placehold_placehold_placehold_placehold_placehold_placehold_placehold_placehold_placehold_placehold_placehold_placehold_placehold_placehold_placehold_placehold_placehold_placehold_placehold_placehold --with-gxx-include-dir=/home/ray/mc-x64-2.7/conda-bld/gcc_1479223211463/_b_env_placehold_placehold_placehold_placehold_placehold_placehold_placehold_placehold_placehold_placehold_placehold_placehold_placehold_placehold_placehold_placehold_placehold_placehold_placehold_placehold/gcc/include/c++ --bindir=/home/ray/mc-x64-2.7/conda-bld/gcc_1479223211463/_b_env_placehold_placehold_placehold_placehold_placehold_placehold_placehold_placehold_placehold_placehold_placehold_placehold_placehold_placehold_placehold_placehold_placehold_placehold_placehold_placehold/bin --datarootdir=/home/ray/mc-x64-2.7/conda-bld/gcc_1479223211463/_b_env_placehold_placehold_placehold_placehold_placehold_placehold_placehold_placehold_placehold_placehold_placehold_placehold_placehold_placehold_placehold_placehold_placehold_placehold_placehold_placehold/share --libdir=/home/ray/mc-x64-2.7/conda-bld/gcc_1479223211463/_b_env_placehold_placehold_placehold_placehold_placehold_placehold_placehold_placehold_placehold_placehold_placehold_placehold_placehold_placehold_placehold_placehold_placehold_placehold_placehold_placehold/lib --with-gmp=/home/ray/mc-x64-2.7/conda-bld/gcc_1479223211463/_b_env_placehold_placehold_placehold_placehold_placehold_placehold_placehold_placehold_placehold_placehold_placehold_placehold_placehold_placehold_placehold_placehold_placehold_placehold_placehold_placehold --with-mpfr=/home/ray/mc-x64-2.7/conda-bld/gcc_1479223211463/_b_env_placehold_placehold_placehold_placehold_placehold_placehold_placehold_placehold_placehold_placehold_placehold_placehold_placehold_placehold_placehold_placehold_placehold_placehold_placehold_placehold --with-mpc=/home/ray/mc-x64-2.7/conda-bld/gcc_1479223211463/_b_env_placehold_placehold_placehold_placehold_placehold_placehold_placehold_placehold_placehold_placehold_placehold_placehold_placehold_placehold_placehold_placehold_placehold_placehold_placehold_placehold --with-isl=/home/ray/mc-x64-2.7/conda-bld/gcc_1479223211463/_b_env_placehold_placehold_placehold_placehold_placehold_placehold_placehold_placehold_placehold_placehold_placehold_placehold_placehold_placehold_placehold_placehold_placehold_placehold_placehold_placehold --with-cloog=/home/ray/mc-x64-2.7/conda-bld/gcc_1479223211463/_b_env_placehold_placehold_placehold_placehold_placehold_placehold_placehold_placehold_placehold_placehold_placehold_placehold_placehold_placehold_placehold_placehold_placehold_placehold_placehold_placehold --enable-checking=release --with-tune=generic --disable-multilib
Thread model: posix
gcc version 4.8.5 (GCC) 
COMPILER_PATH=/home/aakash/anaconda3/bin/../libexec/gcc/x86_64-unknown-linux-gnu/4.8.5/:/home/aakash/anaconda3/bin/../libexec/gcc/
LIBRARY_PATH=/home/aakash/anaconda3/bin/../lib/gcc/x86_64-unknown-linux-gnu/4.8.5/:/home/aakash/anaconda3/bin/../lib/gcc/:/home/aakash/anaconda3/bin/../lib/gcc/x86_64-unknown-linux-gnu/4.8.5/../../../../lib/:/lib/../lib/:/usr/lib/../lib/:/home/aakash/anaconda3/bin/../lib/gcc/x86_64-unknown-linux-gnu/4.8.5/../../../:/lib/:/usr/lib/
COLLECT_GCC_OPTIONS='-v' '-o' 'cmTC_8f74d' '-rdynamic' '-mtune=generic' '-march=x86-64'
 /home/aakash/anaconda3/bin/../libexec/gcc/x86_64-unknown-linux-gnu/4.8.5/collect2 --eh-frame-hdr -m elf_x86_64 -export-dynamic -dynamic-linker /lib64/ld-linux-x86-64.so.2 -o cmTC_8f74d /home/aakash/anaconda3/bin/../lib/gcc/x86_64-unknown-linux-gnu/4.8.5/crt1.o /home/aakash/anaconda3/bin/../lib/gcc/x86_64-unknown-linux-gnu/4.8.5/crti.o /home/aakash/anaconda3/bin/../lib/gcc/x86_64-unknown-linux-gnu/4.8.5/crtbegin.o -L/home/aakash/anaconda3/bin/../lib/gcc/x86_64-unknown-linux-gnu/4.8.5 -L/home/aakash/anaconda3/bin/../lib/gcc -L/home/aakash/anaconda3/bin/../lib/gcc/x86_64-unknown-linux-gnu/4.8.5/../../../../lib -L/lib/../lib -L/usr/lib/../lib -L/home/aakash/anaconda3/bin/../lib/gcc/x86_64-unknown-linux-gnu/4.8.5/../../.. CMakeFiles/cmTC_8f74d.dir/CMakeCCompilerABI.c.o -lgcc --as-needed -lgcc_s --no-as-needed -lc -lgcc --as-needed -lgcc_s --no-as-needed /home/aakash/anaconda3/bin/../lib/gcc/x86_64-unknown-linux-gnu/4.8.5/crtend.o /home/aakash/anaconda3/bin/../lib/gcc/x86_64-unknown-linux-gnu/4.8.5/crtn.o
make[2]: Leaving directory '/home/aakash/Desktop/Bonn/Humanoid Robotics/group-25/build/linux/08_signed_distance_function/CMakeFiles/CMakeTmp'
make[1]: Leaving directory '/home/aakash/Desktop/Bonn/Humanoid Robotics/group-25/build/linux/08_signed_distance_function/CMakeFiles/CMakeTmp'


Parsed C implicit link information from above output:
  link line regex: [^( *|.*[/\])(ld|([^/\]+-)?ld|collect2)[^/\]*( |$)]
  ignore line: [Change Dir: /home/aakash/Desktop/Bonn/Humanoid Robotics/group-25/build/linux/08_signed_distance_function/CMakeFiles/CMakeTmp]
  ignore line: []
  ignore line: [Run Build Command:"/usr/bin/make" "cmTC_8f74d/fast"]
  ignore line: [make[1]: Entering directory '/home/aakash/Desktop/Bonn/Humanoid Robotics/group-25/build/linux/08_signed_distance_function/CMakeFiles/CMakeTmp']
  ignore line: [/usr/bin/make -f CMakeFiles/cmTC_8f74d.dir/build.make CMakeFiles/cmTC_8f74d.dir/build]
  ignore line: [make[2]: Entering directory '/home/aakash/Desktop/Bonn/Humanoid Robotics/group-25/build/linux/08_signed_distance_function/CMakeFiles/CMakeTmp']
  ignore line: [Building C object CMakeFiles/cmTC_8f74d.dir/CMakeCCompilerABI.c.o]
  ignore line: [/home/aakash/anaconda3/bin/cc     -o CMakeFiles/cmTC_8f74d.dir/CMakeCCompilerABI.c.o   -c /usr/share/cmake-3.5/Modules/CMakeCCompilerABI.c]
  ignore line: [Linking C executable cmTC_8f74d]
  ignore line: [/usr/bin/cmake -E cmake_link_script CMakeFiles/cmTC_8f74d.dir/link.txt --verbose=1]
  ignore line: [/home/aakash/anaconda3/bin/cc      -v CMakeFiles/cmTC_8f74d.dir/CMakeCCompilerABI.c.o  -o cmTC_8f74d -rdynamic  ]
  ignore line: [Reading specs from /home/aakash/anaconda3/bin/../lib/gcc/x86_64-unknown-linux-gnu/4.8.5/specs]
  ignore line: [COLLECT_GCC=/home/aakash/anaconda3/bin/cc]
  ignore line: [COLLECT_LTO_WRAPPER=/home/aakash/anaconda3/bin/../libexec/gcc/x86_64-unknown-linux-gnu/4.8.5/lto-wrapper]
  ignore line: [Target: x86_64-unknown-linux-gnu]
  ignore line: [Configured with: ./configure --prefix=/home/ray/mc-x64-2.7/conda-bld/gcc_1479223211463/_b_env_placehold_placehold_placehold_placehold_placehold_placehold_placehold_placehold_placehold_placehold_placehold_placehold_placehold_placehold_placehold_placehold_placehold_placehold_placehold_placehold --with-gxx-include-dir=/home/ray/mc-x64-2.7/conda-bld/gcc_1479223211463/_b_env_placehold_placehold_placehold_placehold_placehold_placehold_placehold_placehold_placehold_placehold_placehold_placehold_placehold_placehold_placehold_placehold_placehold_placehold_placehold_placehold/gcc/include/c++ --bindir=/home/ray/mc-x64-2.7/conda-bld/gcc_1479223211463/_b_env_placehold_placehold_placehold_placehold_placehold_placehold_placehold_placehold_placehold_placehold_placehold_placehold_placehold_placehold_placehold_placehold_placehold_placehold_placehold_placehold/bin --datarootdir=/home/ray/mc-x64-2.7/conda-bld/gcc_1479223211463/_b_env_placehold_placehold_placehold_placehold_placehold_placehold_placehold_placehold_placehold_placehold_placehold_placehold_placehold_placehold_placehold_placehold_placehold_placehold_placehold_placehold/share --libdir=/home/ray/mc-x64-2.7/conda-bld/gcc_1479223211463/_b_env_placehold_placehold_placehold_placehold_placehold_placehold_placehold_placehold_placehold_placehold_placehold_placehold_placehold_placehold_placehold_placehold_placehold_placehold_placehold_placehold/lib --with-gmp=/home/ray/mc-x64-2.7/conda-bld/gcc_1479223211463/_b_env_placehold_placehold_placehold_placehold_placehold_placehold_placehold_placehold_placehold_placehold_placehold_placehold_placehold_placehold_placehold_placehold_placehold_placehold_placehold_placehold --with-mpfr=/home/ray/mc-x64-2.7/conda-bld/gcc_1479223211463/_b_env_placehold_placehold_placehold_placehold_placehold_placehold_placehold_placehold_placehold_placehold_placehold_placehold_placehold_placehold_placehold_placehold_placehold_placehold_placehold_placehold --with-mpc=/home/ray/mc-x64-2.7/conda-bld/gcc_1479223211463/_b_env_placehold_placehold_placehold_placehold_placehold_placehold_placehold_placehold_placehold_placehold_placehold_placehold_placehold_placehold_placehold_placehold_placehold_placehold_placehold_placehold --with-isl=/home/ray/mc-x64-2.7/conda-bld/gcc_1479223211463/_b_env_placehold_placehold_placehold_placehold_placehold_placehold_placehold_placehold_placehold_placehold_placehold_placehold_placehold_placehold_placehold_placehold_placehold_placehold_placehold_placehold --with-cloog=/home/ray/mc-x64-2.7/conda-bld/gcc_1479223211463/_b_env_placehold_placehold_placehold_placehold_placehold_placehold_placehold_placehold_placehold_placehold_placehold_placehold_placehold_placehold_placehold_placehold_placehold_placehold_placehold_placehold --enable-checking=release --with-tune=generic --disable-multilib]
  ignore line: [Thread model: posix]
  ignore line: [gcc version 4.8.5 (GCC) ]
  ignore line: [COMPILER_PATH=/home/aakash/anaconda3/bin/../libexec/gcc/x86_64-unknown-linux-gnu/4.8.5/:/home/aakash/anaconda3/bin/../libexec/gcc/]
  ignore line: [LIBRARY_PATH=/home/aakash/anaconda3/bin/../lib/gcc/x86_64-unknown-linux-gnu/4.8.5/:/home/aakash/anaconda3/bin/../lib/gcc/:/home/aakash/anaconda3/bin/../lib/gcc/x86_64-unknown-linux-gnu/4.8.5/../../../../lib/:/lib/../lib/:/usr/lib/../lib/:/home/aakash/anaconda3/bin/../lib/gcc/x86_64-unknown-linux-gnu/4.8.5/../../../:/lib/:/usr/lib/]
  ignore line: [COLLECT_GCC_OPTIONS='-v' '-o' 'cmTC_8f74d' '-rdynamic' '-mtune=generic' '-march=x86-64']
  link line: [ /home/aakash/anaconda3/bin/../libexec/gcc/x86_64-unknown-linux-gnu/4.8.5/collect2 --eh-frame-hdr -m elf_x86_64 -export-dynamic -dynamic-linker /lib64/ld-linux-x86-64.so.2 -o cmTC_8f74d /home/aakash/anaconda3/bin/../lib/gcc/x86_64-unknown-linux-gnu/4.8.5/crt1.o /home/aakash/anaconda3/bin/../lib/gcc/x86_64-unknown-linux-gnu/4.8.5/crti.o /home/aakash/anaconda3/bin/../lib/gcc/x86_64-unknown-linux-gnu/4.8.5/crtbegin.o -L/home/aakash/anaconda3/bin/../lib/gcc/x86_64-unknown-linux-gnu/4.8.5 -L/home/aakash/anaconda3/bin/../lib/gcc -L/home/aakash/anaconda3/bin/../lib/gcc/x86_64-unknown-linux-gnu/4.8.5/../../../../lib -L/lib/../lib -L/usr/lib/../lib -L/home/aakash/anaconda3/bin/../lib/gcc/x86_64-unknown-linux-gnu/4.8.5/../../.. CMakeFiles/cmTC_8f74d.dir/CMakeCCompilerABI.c.o -lgcc --as-needed -lgcc_s --no-as-needed -lc -lgcc --as-needed -lgcc_s --no-as-needed /home/aakash/anaconda3/bin/../lib/gcc/x86_64-unknown-linux-gnu/4.8.5/crtend.o /home/aakash/anaconda3/bin/../lib/gcc/x86_64-unknown-linux-gnu/4.8.5/crtn.o]
    arg [/home/aakash/anaconda3/bin/../libexec/gcc/x86_64-unknown-linux-gnu/4.8.5/collect2] ==> ignore
    arg [--eh-frame-hdr] ==> ignore
    arg [-m] ==> ignore
    arg [elf_x86_64] ==> ignore
    arg [-export-dynamic] ==> ignore
    arg [-dynamic-linker] ==> ignore
    arg [/lib64/ld-linux-x86-64.so.2] ==> ignore
    arg [-o] ==> ignore
    arg [cmTC_8f74d] ==> ignore
    arg [/home/aakash/anaconda3/bin/../lib/gcc/x86_64-unknown-linux-gnu/4.8.5/crt1.o] ==> ignore
    arg [/home/aakash/anaconda3/bin/../lib/gcc/x86_64-unknown-linux-gnu/4.8.5/crti.o] ==> ignore
    arg [/home/aakash/anaconda3/bin/../lib/gcc/x86_64-unknown-linux-gnu/4.8.5/crtbegin.o] ==> ignore
    arg [-L/home/aakash/anaconda3/bin/../lib/gcc/x86_64-unknown-linux-gnu/4.8.5] ==> dir [/home/aakash/anaconda3/bin/../lib/gcc/x86_64-unknown-linux-gnu/4.8.5]
    arg [-L/home/aakash/anaconda3/bin/../lib/gcc] ==> dir [/home/aakash/anaconda3/bin/../lib/gcc]
    arg [-L/home/aakash/anaconda3/bin/../lib/gcc/x86_64-unknown-linux-gnu/4.8.5/../../../../lib] ==> dir [/home/aakash/anaconda3/bin/../lib/gcc/x86_64-unknown-linux-gnu/4.8.5/../../../../lib]
    arg [-L/lib/../lib] ==> dir [/lib/../lib]
    arg [-L/usr/lib/../lib] ==> dir [/usr/lib/../lib]
    arg [-L/home/aakash/anaconda3/bin/../lib/gcc/x86_64-unknown-linux-gnu/4.8.5/../../..] ==> dir [/home/aakash/anaconda3/bin/../lib/gcc/x86_64-unknown-linux-gnu/4.8.5/../../..]
    arg [CMakeFiles/cmTC_8f74d.dir/CMakeCCompilerABI.c.o] ==> ignore
    arg [-lgcc] ==> lib [gcc]
    arg [--as-needed] ==> ignore
    arg [-lgcc_s] ==> lib [gcc_s]
    arg [--no-as-needed] ==> ignore
    arg [-lc] ==> lib [c]
    arg [-lgcc] ==> lib [gcc]
    arg [--as-needed] ==> ignore
    arg [-lgcc_s] ==> lib [gcc_s]
    arg [--no-as-needed] ==> ignore
    arg [/home/aakash/anaconda3/bin/../lib/gcc/x86_64-unknown-linux-gnu/4.8.5/crtend.o] ==> ignore
    arg [/home/aakash/anaconda3/bin/../lib/gcc/x86_64-unknown-linux-gnu/4.8.5/crtn.o] ==> ignore
  remove lib [gcc]
  remove lib [gcc_s]
  remove lib [gcc]
  remove lib [gcc_s]
  collapse library dir [/home/aakash/anaconda3/bin/../lib/gcc/x86_64-unknown-linux-gnu/4.8.5] ==> [/home/aakash/anaconda3/lib/gcc/x86_64-unknown-linux-gnu/4.8.5]
  collapse library dir [/home/aakash/anaconda3/bin/../lib/gcc] ==> [/home/aakash/anaconda3/lib/gcc]
  collapse library dir [/home/aakash/anaconda3/bin/../lib/gcc/x86_64-unknown-linux-gnu/4.8.5/../../../../lib] ==> [/home/aakash/anaconda3/lib]
  collapse library dir [/lib/../lib] ==> [/lib]
  collapse library dir [/usr/lib/../lib] ==> [/usr/lib]
  collapse library dir [/home/aakash/anaconda3/bin/../lib/gcc/x86_64-unknown-linux-gnu/4.8.5/../../..] ==> [/home/aakash/anaconda3/lib]
  implicit libs: [c]
  implicit dirs: [/home/aakash/anaconda3/lib/gcc/x86_64-unknown-linux-gnu/4.8.5;/home/aakash/anaconda3/lib/gcc;/home/aakash/anaconda3/lib;/lib;/usr/lib]
  implicit fwks: []




Detecting C [-std=c11] compiler features compiled with the following output:
Change Dir: /home/aakash/Desktop/Bonn/Humanoid Robotics/group-25/build/linux/08_signed_distance_function/CMakeFiles/CMakeTmp

Run Build Command:"/usr/bin/make" "cmTC_39d42/fast"
make[1]: Entering directory '/home/aakash/Desktop/Bonn/Humanoid Robotics/group-25/build/linux/08_signed_distance_function/CMakeFiles/CMakeTmp'
/usr/bin/make -f CMakeFiles/cmTC_39d42.dir/build.make CMakeFiles/cmTC_39d42.dir/build
make[2]: Entering directory '/home/aakash/Desktop/Bonn/Humanoid Robotics/group-25/build/linux/08_signed_distance_function/CMakeFiles/CMakeTmp'
Building C object CMakeFiles/cmTC_39d42.dir/feature_tests.c.o
/home/aakash/anaconda3/bin/cc    -std=c11 -o CMakeFiles/cmTC_39d42.dir/feature_tests.c.o   -c "/home/aakash/Desktop/Bonn/Humanoid Robotics/group-25/build/linux/08_signed_distance_function/CMakeFiles/feature_tests.c"
Linking C executable cmTC_39d42
/usr/bin/cmake -E cmake_link_script CMakeFiles/cmTC_39d42.dir/link.txt --verbose=1
/home/aakash/anaconda3/bin/cc       CMakeFiles/cmTC_39d42.dir/feature_tests.c.o  -o cmTC_39d42 -rdynamic 
make[2]: Leaving directory '/home/aakash/Desktop/Bonn/Humanoid Robotics/group-25/build/linux/08_signed_distance_function/CMakeFiles/CMakeTmp'
make[1]: Leaving directory '/home/aakash/Desktop/Bonn/Humanoid Robotics/group-25/build/linux/08_signed_distance_function/CMakeFiles/CMakeTmp'


    Feature record: C_FEATURE:1c_function_prototypes
    Feature record: C_FEATURE:1c_restrict
    Feature record: C_FEATURE:1c_static_assert
    Feature record: C_FEATURE:1c_variadic_macros


Detecting C [-std=c99] compiler features compiled with the following output:
Change Dir: /home/aakash/Desktop/Bonn/Humanoid Robotics/group-25/build/linux/08_signed_distance_function/CMakeFiles/CMakeTmp

Run Build Command:"/usr/bin/make" "cmTC_0fbaa/fast"
make[1]: Entering directory '/home/aakash/Desktop/Bonn/Humanoid Robotics/group-25/build/linux/08_signed_distance_function/CMakeFiles/CMakeTmp'
/usr/bin/make -f CMakeFiles/cmTC_0fbaa.dir/build.make CMakeFiles/cmTC_0fbaa.dir/build
make[2]: Entering directory '/home/aakash/Desktop/Bonn/Humanoid Robotics/group-25/build/linux/08_signed_distance_function/CMakeFiles/CMakeTmp'
Building C object CMakeFiles/cmTC_0fbaa.dir/feature_tests.c.o
/home/aakash/anaconda3/bin/cc    -std=c99 -o CMakeFiles/cmTC_0fbaa.dir/feature_tests.c.o   -c "/home/aakash/Desktop/Bonn/Humanoid Robotics/group-25/build/linux/08_signed_distance_function/CMakeFiles/feature_tests.c"
Linking C executable cmTC_0fbaa
/usr/bin/cmake -E cmake_link_script CMakeFiles/cmTC_0fbaa.dir/link.txt --verbose=1
/home/aakash/anaconda3/bin/cc       CMakeFiles/cmTC_0fbaa.dir/feature_tests.c.o  -o cmTC_0fbaa -rdynamic 
make[2]: Leaving directory '/home/aakash/Desktop/Bonn/Humanoid Robotics/group-25/build/linux/08_signed_distance_function/CMakeFiles/CMakeTmp'
make[1]: Leaving directory '/home/aakash/Desktop/Bonn/Humanoid Robotics/group-25/build/linux/08_signed_distance_function/CMakeFiles/CMakeTmp'


    Feature record: C_FEATURE:1c_function_prototypes
    Feature record: C_FEATURE:1c_restrict
    Feature record: C_FEATURE:0c_static_assert
    Feature record: C_FEATURE:1c_variadic_macros


Detecting C [-std=c90] compiler features compiled with the following output:
Change Dir: /home/aakash/Desktop/Bonn/Humanoid Robotics/group-25/build/linux/08_signed_distance_function/CMakeFiles/CMakeTmp

Run Build Command:"/usr/bin/make" "cmTC_8a3b0/fast"
make[1]: Entering directory '/home/aakash/Desktop/Bonn/Humanoid Robotics/group-25/build/linux/08_signed_distance_function/CMakeFiles/CMakeTmp'
/usr/bin/make -f CMakeFiles/cmTC_8a3b0.dir/build.make CMakeFiles/cmTC_8a3b0.dir/build
make[2]: Entering directory '/home/aakash/Desktop/Bonn/Humanoid Robotics/group-25/build/linux/08_signed_distance_function/CMakeFiles/CMakeTmp'
Building C object CMakeFiles/cmTC_8a3b0.dir/feature_tests.c.o
/home/aakash/anaconda3/bin/cc    -std=c90 -o CMakeFiles/cmTC_8a3b0.dir/feature_tests.c.o   -c "/home/aakash/Desktop/Bonn/Humanoid Robotics/group-25/build/linux/08_signed_distance_function/CMakeFiles/feature_tests.c"
Linking C executable cmTC_8a3b0
/usr/bin/cmake -E cmake_link_script CMakeFiles/cmTC_8a3b0.dir/link.txt --verbose=1
/home/aakash/anaconda3/bin/cc       CMakeFiles/cmTC_8a3b0.dir/feature_tests.c.o  -o cmTC_8a3b0 -rdynamic 
make[2]: Leaving directory '/home/aakash/Desktop/Bonn/Humanoid Robotics/group-25/build/linux/08_signed_distance_function/CMakeFiles/CMakeTmp'
make[1]: Leaving directory '/home/aakash/Desktop/Bonn/Humanoid Robotics/group-25/build/linux/08_signed_distance_function/CMakeFiles/CMakeTmp'


    Feature record: C_FEATURE:1c_function_prototypes
    Feature record: C_FEATURE:0c_restrict
    Feature record: C_FEATURE:0c_static_assert
    Feature record: C_FEATURE:0c_variadic_macros
Determining if the CXX compiler works passed with the following output:
Change Dir: /home/aakash/Desktop/Bonn/Humanoid Robotics/group-25/build/linux/08_signed_distance_function/CMakeFiles/CMakeTmp

Run Build Command:"/usr/bin/make" "cmTC_7519d/fast"
make[1]: Entering directory '/home/aakash/Desktop/Bonn/Humanoid Robotics/group-25/build/linux/08_signed_distance_function/CMakeFiles/CMakeTmp'
/usr/bin/make -f CMakeFiles/cmTC_7519d.dir/build.make CMakeFiles/cmTC_7519d.dir/build
make[2]: Entering directory '/home/aakash/Desktop/Bonn/Humanoid Robotics/group-25/build/linux/08_signed_distance_function/CMakeFiles/CMakeTmp'
Building CXX object CMakeFiles/cmTC_7519d.dir/testCXXCompiler.cxx.o
/home/aakash/anaconda3/bin/c++      -o CMakeFiles/cmTC_7519d.dir/testCXXCompiler.cxx.o -c "/home/aakash/Desktop/Bonn/Humanoid Robotics/group-25/build/linux/08_signed_distance_function/CMakeFiles/CMakeTmp/testCXXCompiler.cxx"
Linking CXX executable cmTC_7519d
/usr/bin/cmake -E cmake_link_script CMakeFiles/cmTC_7519d.dir/link.txt --verbose=1
/home/aakash/anaconda3/bin/c++        CMakeFiles/cmTC_7519d.dir/testCXXCompiler.cxx.o  -o cmTC_7519d -rdynamic 
make[2]: Leaving directory '/home/aakash/Desktop/Bonn/Humanoid Robotics/group-25/build/linux/08_signed_distance_function/CMakeFiles/CMakeTmp'
make[1]: Leaving directory '/home/aakash/Desktop/Bonn/Humanoid Robotics/group-25/build/linux/08_signed_distance_function/CMakeFiles/CMakeTmp'


Detecting CXX compiler ABI info compiled with the following output:
Change Dir: /home/aakash/Desktop/Bonn/Humanoid Robotics/group-25/build/linux/08_signed_distance_function/CMakeFiles/CMakeTmp

Run Build Command:"/usr/bin/make" "cmTC_1f817/fast"
make[1]: Entering directory '/home/aakash/Desktop/Bonn/Humanoid Robotics/group-25/build/linux/08_signed_distance_function/CMakeFiles/CMakeTmp'
/usr/bin/make -f CMakeFiles/cmTC_1f817.dir/build.make CMakeFiles/cmTC_1f817.dir/build
make[2]: Entering directory '/home/aakash/Desktop/Bonn/Humanoid Robotics/group-25/build/linux/08_signed_distance_function/CMakeFiles/CMakeTmp'
Building CXX object CMakeFiles/cmTC_1f817.dir/CMakeCXXCompilerABI.cpp.o
/home/aakash/anaconda3/bin/c++      -o CMakeFiles/cmTC_1f817.dir/CMakeCXXCompilerABI.cpp.o -c /usr/share/cmake-3.5/Modules/CMakeCXXCompilerABI.cpp
Linking CXX executable cmTC_1f817
/usr/bin/cmake -E cmake_link_script CMakeFiles/cmTC_1f817.dir/link.txt --verbose=1
/home/aakash/anaconda3/bin/c++       -v CMakeFiles/cmTC_1f817.dir/CMakeCXXCompilerABI.cpp.o  -o cmTC_1f817 -rdynamic  
Reading specs from /home/aakash/anaconda3/bin/../lib/gcc/x86_64-unknown-linux-gnu/4.8.5/specs
COLLECT_GCC=/home/aakash/anaconda3/bin/c++
COLLECT_LTO_WRAPPER=/home/aakash/anaconda3/bin/../libexec/gcc/x86_64-unknown-linux-gnu/4.8.5/lto-wrapper
Target: x86_64-unknown-linux-gnu
Configured with: ./configure --prefix=/home/ray/mc-x64-2.7/conda-bld/gcc_1479223211463/_b_env_placehold_placehold_placehold_placehold_placehold_placehold_placehold_placehold_placehold_placehold_placehold_placehold_placehold_placehold_placehold_placehold_placehold_placehold_placehold_placehold --with-gxx-include-dir=/home/ray/mc-x64-2.7/conda-bld/gcc_1479223211463/_b_env_placehold_placehold_placehold_placehold_placehold_placehold_placehold_placehold_placehold_placehold_placehold_placehold_placehold_placehold_placehold_placehold_placehold_placehold_placehold_placehold/gcc/include/c++ --bindir=/home/ray/mc-x64-2.7/conda-bld/gcc_1479223211463/_b_env_placehold_placehold_placehold_placehold_placehold_placehold_placehold_placehold_placehold_placehold_placehold_placehold_placehold_placehold_placehold_placehold_placehold_placehold_placehold_placehold/bin --datarootdir=/home/ray/mc-x64-2.7/conda-bld/gcc_1479223211463/_b_env_placehold_placehold_placehold_placehold_placehold_placehold_placehold_placehold_placehold_placehold_placehold_placehold_placehold_placehold_placehold_placehold_placehold_placehold_placehold_placehold/share --libdir=/home/ray/mc-x64-2.7/conda-bld/gcc_1479223211463/_b_env_placehold_placehold_placehold_placehold_placehold_placehold_placehold_placehold_placehold_placehold_placehold_placehold_placehold_placehold_placehold_placehold_placehold_placehold_placehold_placehold/lib --with-gmp=/home/ray/mc-x64-2.7/conda-bld/gcc_1479223211463/_b_env_placehold_placehold_placehold_placehold_placehold_placehold_placehold_placehold_placehold_placehold_placehold_placehold_placehold_placehold_placehold_placehold_placehold_placehold_placehold_placehold --with-mpfr=/home/ray/mc-x64-2.7/conda-bld/gcc_1479223211463/_b_env_placehold_placehold_placehold_placehold_placehold_placehold_placehold_placehold_placehold_placehold_placehold_placehold_placehold_placehold_placehold_placehold_placehold_placehold_placehold_placehold --with-mpc=/home/ray/mc-x64-2.7/conda-bld/gcc_1479223211463/_b_env_placehold_placehold_placehold_placehold_placehold_placehold_placehold_placehold_placehold_placehold_placehold_placehold_placehold_placehold_placehold_placehold_placehold_placehold_placehold_placehold --with-isl=/home/ray/mc-x64-2.7/conda-bld/gcc_1479223211463/_b_env_placehold_placehold_placehold_placehold_placehold_placehold_placehold_placehold_placehold_placehold_placehold_placehold_placehold_placehold_placehold_placehold_placehold_placehold_placehold_placehold --with-cloog=/home/ray/mc-x64-2.7/conda-bld/gcc_1479223211463/_b_env_placehold_placehold_placehold_placehold_placehold_placehold_placehold_placehold_placehold_placehold_placehold_placehold_placehold_placehold_placehold_placehold_placehold_placehold_placehold_placehold --enable-checking=release --with-tune=generic --disable-multilib
Thread model: posix
gcc version 4.8.5 (GCC) 
COMPILER_PATH=/home/aakash/anaconda3/bin/../libexec/gcc/x86_64-unknown-linux-gnu/4.8.5/:/home/aakash/anaconda3/bin/../libexec/gcc/
LIBRARY_PATH=/home/aakash/anaconda3/bin/../lib/gcc/x86_64-unknown-linux-gnu/4.8.5/:/home/aakash/anaconda3/bin/../lib/gcc/:/home/aakash/anaconda3/bin/../lib/gcc/x86_64-unknown-linux-gnu/4.8.5/../../../../lib/:/lib/../lib/:/usr/lib/../lib/:/home/aakash/anaconda3/bin/../lib/gcc/x86_64-unknown-linux-gnu/4.8.5/../../../:/lib/:/usr/lib/
COLLECT_GCC_OPTIONS='-v' '-o' 'cmTC_1f817' '-rdynamic' '-shared-libgcc' '-mtune=generic' '-march=x86-64'
 /home/aakash/anaconda3/bin/../libexec/gcc/x86_64-unknown-linux-gnu/4.8.5/collect2 --eh-frame-hdr -m elf_x86_64 -export-dynamic -dynamic-linker /lib64/ld-linux-x86-64.so.2 -o cmTC_1f817 /home/aakash/anaconda3/bin/../lib/gcc/x86_64-unknown-linux-gnu/4.8.5/crt1.o /home/aakash/anaconda3/bin/../lib/gcc/x86_64-unknown-linux-gnu/4.8.5/crti.o /home/aakash/anaconda3/bin/../lib/gcc/x86_64-unknown-linux-gnu/4.8.5/crtbegin.o -L/home/aakash/anaconda3/bin/../lib/gcc/x86_64-unknown-linux-gnu/4.8.5 -L/home/aakash/anaconda3/bin/../lib/gcc -L/home/aakash/anaconda3/bin/../lib/gcc/x86_64-unknown-linux-gnu/4.8.5/../../../../lib -L/lib/../lib -L/usr/lib/../lib -L/home/aakash/anaconda3/bin/../lib/gcc/x86_64-unknown-linux-gnu/4.8.5/../../.. CMakeFiles/cmTC_1f817.dir/CMakeCXXCompilerABI.cpp.o -lstdc++ -lm -lgcc_s -lgcc -lc -lgcc_s -lgcc /home/aakash/anaconda3/bin/../lib/gcc/x86_64-unknown-linux-gnu/4.8.5/crtend.o /home/aakash/anaconda3/bin/../lib/gcc/x86_64-unknown-linux-gnu/4.8.5/crtn.o
make[2]: Leaving directory '/home/aakash/Desktop/Bonn/Humanoid Robotics/group-25/build/linux/08_signed_distance_function/CMakeFiles/CMakeTmp'
make[1]: Leaving directory '/home/aakash/Desktop/Bonn/Humanoid Robotics/group-25/build/linux/08_signed_distance_function/CMakeFiles/CMakeTmp'


Parsed CXX implicit link information from above output:
  link line regex: [^( *|.*[/\])(ld|([^/\]+-)?ld|collect2)[^/\]*( |$)]
  ignore line: [Change Dir: /home/aakash/Desktop/Bonn/Humanoid Robotics/group-25/build/linux/08_signed_distance_function/CMakeFiles/CMakeTmp]
  ignore line: []
  ignore line: [Run Build Command:"/usr/bin/make" "cmTC_1f817/fast"]
  ignore line: [make[1]: Entering directory '/home/aakash/Desktop/Bonn/Humanoid Robotics/group-25/build/linux/08_signed_distance_function/CMakeFiles/CMakeTmp']
  ignore line: [/usr/bin/make -f CMakeFiles/cmTC_1f817.dir/build.make CMakeFiles/cmTC_1f817.dir/build]
  ignore line: [make[2]: Entering directory '/home/aakash/Desktop/Bonn/Humanoid Robotics/group-25/build/linux/08_signed_distance_function/CMakeFiles/CMakeTmp']
  ignore line: [Building CXX object CMakeFiles/cmTC_1f817.dir/CMakeCXXCompilerABI.cpp.o]
  ignore line: [/home/aakash/anaconda3/bin/c++      -o CMakeFiles/cmTC_1f817.dir/CMakeCXXCompilerABI.cpp.o -c /usr/share/cmake-3.5/Modules/CMakeCXXCompilerABI.cpp]
  ignore line: [Linking CXX executable cmTC_1f817]
  ignore line: [/usr/bin/cmake -E cmake_link_script CMakeFiles/cmTC_1f817.dir/link.txt --verbose=1]
  ignore line: [/home/aakash/anaconda3/bin/c++       -v CMakeFiles/cmTC_1f817.dir/CMakeCXXCompilerABI.cpp.o  -o cmTC_1f817 -rdynamic  ]
  ignore line: [Reading specs from /home/aakash/anaconda3/bin/../lib/gcc/x86_64-unknown-linux-gnu/4.8.5/specs]
  ignore line: [COLLECT_GCC=/home/aakash/anaconda3/bin/c++]
  ignore line: [COLLECT_LTO_WRAPPER=/home/aakash/anaconda3/bin/../libexec/gcc/x86_64-unknown-linux-gnu/4.8.5/lto-wrapper]
  ignore line: [Target: x86_64-unknown-linux-gnu]
  ignore line: [Configured with: ./configure --prefix=/home/ray/mc-x64-2.7/conda-bld/gcc_1479223211463/_b_env_placehold_placehold_placehold_placehold_placehold_placehold_placehold_placehold_placehold_placehold_placehold_placehold_placehold_placehold_placehold_placehold_placehold_placehold_placehold_placehold --with-gxx-include-dir=/home/ray/mc-x64-2.7/conda-bld/gcc_1479223211463/_b_env_placehold_placehold_placehold_placehold_placehold_placehold_placehold_placehold_placehold_placehold_placehold_placehold_placehold_placehold_placehold_placehold_placehold_placehold_placehold_placehold/gcc/include/c++ --bindir=/home/ray/mc-x64-2.7/conda-bld/gcc_1479223211463/_b_env_placehold_placehold_placehold_placehold_placehold_placehold_placehold_placehold_placehold_placehold_placehold_placehold_placehold_placehold_placehold_placehold_placehold_placehold_placehold_placehold/bin --datarootdir=/home/ray/mc-x64-2.7/conda-bld/gcc_1479223211463/_b_env_placehold_placehold_placehold_placehold_placehold_placehold_placehold_placehold_placehold_placehold_placehold_placehold_placehold_placehold_placehold_placehold_placehold_placehold_placehold_placehold/share --libdir=/home/ray/mc-x64-2.7/conda-bld/gcc_1479223211463/_b_env_placehold_placehold_placehold_placehold_placehold_placehold_placehold_placehold_placehold_placehold_placehold_placehold_placehold_placehold_placehold_placehold_placehold_placehold_placehold_placehold/lib --with-gmp=/home/ray/mc-x64-2.7/conda-bld/gcc_1479223211463/_b_env_placehold_placehold_placehold_placehold_placehold_placehold_placehold_placehold_placehold_placehold_placehold_placehold_placehold_placehold_placehold_placehold_placehold_placehold_placehold_placehold --with-mpfr=/home/ray/mc-x64-2.7/conda-bld/gcc_1479223211463/_b_env_placehold_placehold_placehold_placehold_placehold_placehold_placehold_placehold_placehold_placehold_placehold_placehold_placehold_placehold_placehold_placehold_placehold_placehold_placehold_placehold --with-mpc=/home/ray/mc-x64-2.7/conda-bld/gcc_1479223211463/_b_env_placehold_placehold_placehold_placehold_placehold_placehold_placehold_placehold_placehold_placehold_placehold_placehold_placehold_placehold_placehold_placehold_placehold_placehold_placehold_placehold --with-isl=/home/ray/mc-x64-2.7/conda-bld/gcc_1479223211463/_b_env_placehold_placehold_placehold_placehold_placehold_placehold_placehold_placehold_placehold_placehold_placehold_placehold_placehold_placehold_placehold_placehold_placehold_placehold_placehold_placehold --with-cloog=/home/ray/mc-x64-2.7/conda-bld/gcc_1479223211463/_b_env_placehold_placehold_placehold_placehold_placehold_placehold_placehold_placehold_placehold_placehold_placehold_placehold_placehold_placehold_placehold_placehold_placehold_placehold_placehold_placehold --enable-checking=release --with-tune=generic --disable-multilib]
  ignore line: [Thread model: posix]
  ignore line: [gcc version 4.8.5 (GCC) ]
  ignore line: [COMPILER_PATH=/home/aakash/anaconda3/bin/../libexec/gcc/x86_64-unknown-linux-gnu/4.8.5/:/home/aakash/anaconda3/bin/../libexec/gcc/]
  ignore line: [LIBRARY_PATH=/home/aakash/anaconda3/bin/../lib/gcc/x86_64-unknown-linux-gnu/4.8.5/:/home/aakash/anaconda3/bin/../lib/gcc/:/home/aakash/anaconda3/bin/../lib/gcc/x86_64-unknown-linux-gnu/4.8.5/../../../../lib/:/lib/../lib/:/usr/lib/../lib/:/home/aakash/anaconda3/bin/../lib/gcc/x86_64-unknown-linux-gnu/4.8.5/../../../:/lib/:/usr/lib/]
  ignore line: [COLLECT_GCC_OPTIONS='-v' '-o' 'cmTC_1f817' '-rdynamic' '-shared-libgcc' '-mtune=generic' '-march=x86-64']
  link line: [ /home/aakash/anaconda3/bin/../libexec/gcc/x86_64-unknown-linux-gnu/4.8.5/collect2 --eh-frame-hdr -m elf_x86_64 -export-dynamic -dynamic-linker /lib64/ld-linux-x86-64.so.2 -o cmTC_1f817 /home/aakash/anaconda3/bin/../lib/gcc/x86_64-unknown-linux-gnu/4.8.5/crt1.o /home/aakash/anaconda3/bin/../lib/gcc/x86_64-unknown-linux-gnu/4.8.5/crti.o /home/aakash/anaconda3/bin/../lib/gcc/x86_64-unknown-linux-gnu/4.8.5/crtbegin.o -L/home/aakash/anaconda3/bin/../lib/gcc/x86_64-unknown-linux-gnu/4.8.5 -L/home/aakash/anaconda3/bin/../lib/gcc -L/home/aakash/anaconda3/bin/../lib/gcc/x86_64-unknown-linux-gnu/4.8.5/../../../../lib -L/lib/../lib -L/usr/lib/../lib -L/home/aakash/anaconda3/bin/../lib/gcc/x86_64-unknown-linux-gnu/4.8.5/../../.. CMakeFiles/cmTC_1f817.dir/CMakeCXXCompilerABI.cpp.o -lstdc++ -lm -lgcc_s -lgcc -lc -lgcc_s -lgcc /home/aakash/anaconda3/bin/../lib/gcc/x86_64-unknown-linux-gnu/4.8.5/crtend.o /home/aakash/anaconda3/bin/../lib/gcc/x86_64-unknown-linux-gnu/4.8.5/crtn.o]
    arg [/home/aakash/anaconda3/bin/../libexec/gcc/x86_64-unknown-linux-gnu/4.8.5/collect2] ==> ignore
    arg [--eh-frame-hdr] ==> ignore
    arg [-m] ==> ignore
    arg [elf_x86_64] ==> ignore
    arg [-export-dynamic] ==> ignore
    arg [-dynamic-linker] ==> ignore
    arg [/lib64/ld-linux-x86-64.so.2] ==> ignore
    arg [-o] ==> ignore
    arg [cmTC_1f817] ==> ignore
    arg [/home/aakash/anaconda3/bin/../lib/gcc/x86_64-unknown-linux-gnu/4.8.5/crt1.o] ==> ignore
    arg [/home/aakash/anaconda3/bin/../lib/gcc/x86_64-unknown-linux-gnu/4.8.5/crti.o] ==> ignore
    arg [/home/aakash/anaconda3/bin/../lib/gcc/x86_64-unknown-linux-gnu/4.8.5/crtbegin.o] ==> ignore
    arg [-L/home/aakash/anaconda3/bin/../lib/gcc/x86_64-unknown-linux-gnu/4.8.5] ==> dir [/home/aakash/anaconda3/bin/../lib/gcc/x86_64-unknown-linux-gnu/4.8.5]
    arg [-L/home/aakash/anaconda3/bin/../lib/gcc] ==> dir [/home/aakash/anaconda3/bin/../lib/gcc]
    arg [-L/home/aakash/anaconda3/bin/../lib/gcc/x86_64-unknown-linux-gnu/4.8.5/../../../../lib] ==> dir [/home/aakash/anaconda3/bin/../lib/gcc/x86_64-unknown-linux-gnu/4.8.5/../../../../lib]
    arg [-L/lib/../lib] ==> dir [/lib/../lib]
    arg [-L/usr/lib/../lib] ==> dir [/usr/lib/../lib]
    arg [-L/home/aakash/anaconda3/bin/../lib/gcc/x86_64-unknown-linux-gnu/4.8.5/../../..] ==> dir [/home/aakash/anaconda3/bin/../lib/gcc/x86_64-unknown-linux-gnu/4.8.5/../../..]
    arg [CMakeFiles/cmTC_1f817.dir/CMakeCXXCompilerABI.cpp.o] ==> ignore
    arg [-lstdc++] ==> lib [stdc++]
    arg [-lm] ==> lib [m]
    arg [-lgcc_s] ==> lib [gcc_s]
    arg [-lgcc] ==> lib [gcc]
    arg [-lc] ==> lib [c]
    arg [-lgcc_s] ==> lib [gcc_s]
    arg [-lgcc] ==> lib [gcc]
    arg [/home/aakash/anaconda3/bin/../lib/gcc/x86_64-unknown-linux-gnu/4.8.5/crtend.o] ==> ignore
    arg [/home/aakash/anaconda3/bin/../lib/gcc/x86_64-unknown-linux-gnu/4.8.5/crtn.o] ==> ignore
  remove lib [gcc_s]
  remove lib [gcc]
  remove lib [gcc_s]
  remove lib [gcc]
  collapse library dir [/home/aakash/anaconda3/bin/../lib/gcc/x86_64-unknown-linux-gnu/4.8.5] ==> [/home/aakash/anaconda3/lib/gcc/x86_64-unknown-linux-gnu/4.8.5]
  collapse library dir [/home/aakash/anaconda3/bin/../lib/gcc] ==> [/home/aakash/anaconda3/lib/gcc]
  collapse library dir [/home/aakash/anaconda3/bin/../lib/gcc/x86_64-unknown-linux-gnu/4.8.5/../../../../lib] ==> [/home/aakash/anaconda3/lib]
  collapse library dir [/lib/../lib] ==> [/lib]
  collapse library dir [/usr/lib/../lib] ==> [/usr/lib]
  collapse library dir [/home/aakash/anaconda3/bin/../lib/gcc/x86_64-unknown-linux-gnu/4.8.5/../../..] ==> [/home/aakash/anaconda3/lib]
  implicit libs: [stdc++;m;c]
  implicit dirs: [/home/aakash/anaconda3/lib/gcc/x86_64-unknown-linux-gnu/4.8.5;/home/aakash/anaconda3/lib/gcc;/home/aakash/anaconda3/lib;/lib;/usr/lib]
  implicit fwks: []




Detecting CXX [-std=c++1y] compiler features compiled with the following output:
Change Dir: /home/aakash/Desktop/Bonn/Humanoid Robotics/group-25/build/linux/08_signed_distance_function/CMakeFiles/CMakeTmp

Run Build Command:"/usr/bin/make" "cmTC_c763e/fast"
make[1]: Entering directory '/home/aakash/Desktop/Bonn/Humanoid Robotics/group-25/build/linux/08_signed_distance_function/CMakeFiles/CMakeTmp'
/usr/bin/make -f CMakeFiles/cmTC_c763e.dir/build.make CMakeFiles/cmTC_c763e.dir/build
make[2]: Entering directory '/home/aakash/Desktop/Bonn/Humanoid Robotics/group-25/build/linux/08_signed_distance_function/CMakeFiles/CMakeTmp'
Building CXX object CMakeFiles/cmTC_c763e.dir/feature_tests.cxx.o
/home/aakash/anaconda3/bin/c++     -std=c++1y -o CMakeFiles/cmTC_c763e.dir/feature_tests.cxx.o -c "/home/aakash/Desktop/Bonn/Humanoid Robotics/group-25/build/linux/08_signed_distance_function/CMakeFiles/feature_tests.cxx"
Linking CXX executable cmTC_c763e
/usr/bin/cmake -E cmake_link_script CMakeFiles/cmTC_c763e.dir/link.txt --verbose=1
/home/aakash/anaconda3/bin/c++        CMakeFiles/cmTC_c763e.dir/feature_tests.cxx.o  -o cmTC_c763e -rdynamic 
make[2]: Leaving directory '/home/aakash/Desktop/Bonn/Humanoid Robotics/group-25/build/linux/08_signed_distance_function/CMakeFiles/CMakeTmp'
make[1]: Leaving directory '/home/aakash/Desktop/Bonn/Humanoid Robotics/group-25/build/linux/08_signed_distance_function/CMakeFiles/CMakeTmp'


    Feature record: CXX_FEATURE:0cxx_aggregate_default_initializers
    Feature record: CXX_FEATURE:1cxx_alias_templates
    Feature record: CXX_FEATURE:1cxx_alignas
    Feature record: CXX_FEATURE:1cxx_alignof
    Feature record: CXX_FEATURE:1cxx_attributes
    Feature record: CXX_FEATURE:0cxx_attribute_deprecated
    Feature record: CXX_FEATURE:1cxx_auto_type
    Feature record: CXX_FEATURE:0cxx_binary_literals
    Feature record: CXX_FEATURE:1cxx_constexpr
    Feature record: CXX_FEATURE:0cxx_contextual_conversions
    Feature record: CXX_FEATURE:1cxx_decltype
    Feature record: CXX_FEATURE:0cxx_decltype_auto
    Feature record: CXX_FEATURE:1cxx_decltype_incomplete_return_types
    Feature record: CXX_FEATURE:1cxx_default_function_template_args
    Feature record: CXX_FEATURE:1cxx_defaulted_functions
    Feature record: CXX_FEATURE:1cxx_defaulted_move_initializers
    Feature record: CXX_FEATURE:1cxx_delegating_constructors
    Feature record: CXX_FEATURE:1cxx_deleted_functions
    Feature record: CXX_FEATURE:0cxx_digit_separators
    Feature record: CXX_FEATURE:1cxx_enum_forward_declarations
    Feature record: CXX_FEATURE:1cxx_explicit_conversions
    Feature record: CXX_FEATURE:1cxx_extended_friend_declarations
    Feature record: CXX_FEATURE:1cxx_extern_templates
    Feature record: CXX_FEATURE:1cxx_final
    Feature record: CXX_FEATURE:1cxx_func_identifier
    Feature record: CXX_FEATURE:1cxx_generalized_initializers
    Feature record: CXX_FEATURE:0cxx_generic_lambdas
    Feature record: CXX_FEATURE:1cxx_inheriting_constructors
    Feature record: CXX_FEATURE:1cxx_inline_namespaces
    Feature record: CXX_FEATURE:1cxx_lambdas
    Feature record: CXX_FEATURE:0cxx_lambda_init_captures
    Feature record: CXX_FEATURE:1cxx_local_type_template_args
    Feature record: CXX_FEATURE:1cxx_long_long_type
    Feature record: CXX_FEATURE:1cxx_noexcept
    Feature record: CXX_FEATURE:1cxx_nonstatic_member_init
    Feature record: CXX_FEATURE:1cxx_nullptr
    Feature record: CXX_FEATURE:1cxx_override
    Feature record: CXX_FEATURE:1cxx_range_for
    Feature record: CXX_FEATURE:1cxx_raw_string_literals
    Feature record: CXX_FEATURE:1cxx_reference_qualified_functions
    Feature record: CXX_FEATURE:0cxx_relaxed_constexpr
    Feature record: CXX_FEATURE:0cxx_return_type_deduction
    Feature record: CXX_FEATURE:1cxx_right_angle_brackets
    Feature record: CXX_FEATURE:1cxx_rvalue_references
    Feature record: CXX_FEATURE:1cxx_sizeof_member
    Feature record: CXX_FEATURE:1cxx_static_assert
    Feature record: CXX_FEATURE:1cxx_strong_enums
    Feature record: CXX_FEATURE:1cxx_template_template_parameters
    Feature record: CXX_FEATURE:1cxx_thread_local
    Feature record: CXX_FEATURE:1cxx_trailing_return_types
    Feature record: CXX_FEATURE:1cxx_unicode_literals
    Feature record: CXX_FEATURE:1cxx_uniform_initialization
    Feature record: CXX_FEATURE:1cxx_unrestricted_unions
    Feature record: CXX_FEATURE:1cxx_user_literals
    Feature record: CXX_FEATURE:0cxx_variable_templates
    Feature record: CXX_FEATURE:1cxx_variadic_macros
    Feature record: CXX_FEATURE:1cxx_variadic_templates


Detecting CXX [-std=c++11] compiler features compiled with the following output:
Change Dir: /home/aakash/Desktop/Bonn/Humanoid Robotics/group-25/build/linux/08_signed_distance_function/CMakeFiles/CMakeTmp

Run Build Command:"/usr/bin/make" "cmTC_35afe/fast"
make[1]: Entering directory '/home/aakash/Desktop/Bonn/Humanoid Robotics/group-25/build/linux/08_signed_distance_function/CMakeFiles/CMakeTmp'
/usr/bin/make -f CMakeFiles/cmTC_35afe.dir/build.make CMakeFiles/cmTC_35afe.dir/build
make[2]: Entering directory '/home/aakash/Desktop/Bonn/Humanoid Robotics/group-25/build/linux/08_signed_distance_function/CMakeFiles/CMakeTmp'
Building CXX object CMakeFiles/cmTC_35afe.dir/feature_tests.cxx.o
/home/aakash/anaconda3/bin/c++     -std=c++11 -o CMakeFiles/cmTC_35afe.dir/feature_tests.cxx.o -c "/home/aakash/Desktop/Bonn/Humanoid Robotics/group-25/build/linux/08_signed_distance_function/CMakeFiles/feature_tests.cxx"
Linking CXX executable cmTC_35afe
/usr/bin/cmake -E cmake_link_script CMakeFiles/cmTC_35afe.dir/link.txt --verbose=1
/home/aakash/anaconda3/bin/c++        CMakeFiles/cmTC_35afe.dir/feature_tests.cxx.o  -o cmTC_35afe -rdynamic 
make[2]: Leaving directory '/home/aakash/Desktop/Bonn/Humanoid Robotics/group-25/build/linux/08_signed_distance_function/CMakeFiles/CMakeTmp'
make[1]: Leaving directory '/home/aakash/Desktop/Bonn/Humanoid Robotics/group-25/build/linux/08_signed_distance_function/CMakeFiles/CMakeTmp'


    Feature record: CXX_FEATURE:0cxx_aggregate_default_initializers
    Feature record: CXX_FEATURE:1cxx_alias_templates
    Feature record: CXX_FEATURE:1cxx_alignas
    Feature record: CXX_FEATURE:1cxx_alignof
    Feature record: CXX_FEATURE:1cxx_attributes
    Feature record: CXX_FEATURE:0cxx_attribute_deprecated
    Feature record: CXX_FEATURE:1cxx_auto_type
    Feature record: CXX_FEATURE:0cxx_binary_literals
    Feature record: CXX_FEATURE:1cxx_constexpr
    Feature record: CXX_FEATURE:0cxx_contextual_conversions
    Feature record: CXX_FEATURE:1cxx_decltype
    Feature record: CXX_FEATURE:0cxx_decltype_auto
    Feature record: CXX_FEATURE:1cxx_decltype_incomplete_return_types
    Feature record: CXX_FEATURE:1cxx_default_function_template_args
    Feature record: CXX_FEATURE:1cxx_defaulted_functions
    Feature record: CXX_FEATURE:1cxx_defaulted_move_initializers
    Feature record: CXX_FEATURE:1cxx_delegating_constructors
    Feature record: CXX_FEATURE:1cxx_deleted_functions
    Feature record: CXX_FEATURE:0cxx_digit_separators
    Feature record: CXX_FEATURE:1cxx_enum_forward_declarations
    Feature record: CXX_FEATURE:1cxx_explicit_conversions
    Feature record: CXX_FEATURE:1cxx_extended_friend_declarations
    Feature record: CXX_FEATURE:1cxx_extern_templates
    Feature record: CXX_FEATURE:1cxx_final
    Feature record: CXX_FEATURE:1cxx_func_identifier
    Feature record: CXX_FEATURE:1cxx_generalized_initializers
    Feature record: CXX_FEATURE:0cxx_generic_lambdas
    Feature record: CXX_FEATURE:1cxx_inheriting_constructors
    Feature record: CXX_FEATURE:1cxx_inline_namespaces
    Feature record: CXX_FEATURE:1cxx_lambdas
    Feature record: CXX_FEATURE:0cxx_lambda_init_captures
    Feature record: CXX_FEATURE:1cxx_local_type_template_args
    Feature record: CXX_FEATURE:1cxx_long_long_type
    Feature record: CXX_FEATURE:1cxx_noexcept
    Feature record: CXX_FEATURE:1cxx_nonstatic_member_init
    Feature record: CXX_FEATURE:1cxx_nullptr
    Feature record: CXX_FEATURE:1cxx_override
    Feature record: CXX_FEATURE:1cxx_range_for
    Feature record: CXX_FEATURE:1cxx_raw_string_literals
    Feature record: CXX_FEATURE:1cxx_reference_qualified_functions
    Feature record: CXX_FEATURE:0cxx_relaxed_constexpr
    Feature record: CXX_FEATURE:0cxx_return_type_deduction
    Feature record: CXX_FEATURE:1cxx_right_angle_brackets
    Feature record: CXX_FEATURE:1cxx_rvalue_references
    Feature record: CXX_FEATURE:1cxx_sizeof_member
    Feature record: CXX_FEATURE:1cxx_static_assert
    Feature record: CXX_FEATURE:1cxx_strong_enums
    Feature record: CXX_FEATURE:1cxx_template_template_parameters
    Feature record: CXX_FEATURE:1cxx_thread_local
    Feature record: CXX_FEATURE:1cxx_trailing_return_types
    Feature record: CXX_FEATURE:1cxx_unicode_literals
    Feature record: CXX_FEATURE:1cxx_uniform_initialization
    Feature record: CXX_FEATURE:1cxx_unrestricted_unions
    Feature record: CXX_FEATURE:1cxx_user_literals
    Feature record: CXX_FEATURE:0cxx_variable_templates
    Feature record: CXX_FEATURE:1cxx_variadic_macros
    Feature record: CXX_FEATURE:1cxx_variadic_templates


Detecting CXX [-std=c++98] compiler features compiled with the following output:
Change Dir: /home/aakash/Desktop/Bonn/Humanoid Robotics/group-25/build/linux/08_signed_distance_function/CMakeFiles/CMakeTmp

Run Build Command:"/usr/bin/make" "cmTC_8cefd/fast"
make[1]: Entering directory '/home/aakash/Desktop/Bonn/Humanoid Robotics/group-25/build/linux/08_signed_distance_function/CMakeFiles/CMakeTmp'
/usr/bin/make -f CMakeFiles/cmTC_8cefd.dir/build.make CMakeFiles/cmTC_8cefd.dir/build
make[2]: Entering directory '/home/aakash/Desktop/Bonn/Humanoid Robotics/group-25/build/linux/08_signed_distance_function/CMakeFiles/CMakeTmp'
Building CXX object CMakeFiles/cmTC_8cefd.dir/feature_tests.cxx.o
/home/aakash/anaconda3/bin/c++     -std=c++98 -o CMakeFiles/cmTC_8cefd.dir/feature_tests.cxx.o -c "/home/aakash/Desktop/Bonn/Humanoid Robotics/group-25/build/linux/08_signed_distance_function/CMakeFiles/feature_tests.cxx"
Linking CXX executable cmTC_8cefd
/usr/bin/cmake -E cmake_link_script CMakeFiles/cmTC_8cefd.dir/link.txt --verbose=1
/home/aakash/anaconda3/bin/c++        CMakeFiles/cmTC_8cefd.dir/feature_tests.cxx.o  -o cmTC_8cefd -rdynamic 
make[2]: Leaving directory '/home/aakash/Desktop/Bonn/Humanoid Robotics/group-25/build/linux/08_signed_distance_function/CMakeFiles/CMakeTmp'
make[1]: Leaving directory '/home/aakash/Desktop/Bonn/Humanoid Robotics/group-25/build/linux/08_signed_distance_function/CMakeFiles/CMakeTmp'


    Feature record: CXX_FEATURE:0cxx_aggregate_default_initializers
    Feature record: CXX_FEATURE:0cxx_alias_templates
    Feature record: CXX_FEATURE:0cxx_alignas
    Feature record: CXX_FEATURE:0cxx_alignof
    Feature record: CXX_FEATURE:0cxx_attributes
    Feature record: CXX_FEATURE:0cxx_attribute_deprecated
    Feature record: CXX_FEATURE:0cxx_auto_type
    Feature record: CXX_FEATURE:0cxx_binary_literals
    Feature record: CXX_FEATURE:0cxx_constexpr
    Feature record: CXX_FEATURE:0cxx_contextual_conversions
    Feature record: CXX_FEATURE:0cxx_decltype
    Feature record: CXX_FEATURE:0cxx_decltype_auto
    Feature record: CXX_FEATURE:0cxx_decltype_incomplete_return_types
    Feature record: CXX_FEATURE:0cxx_default_function_template_args
    Feature record: CXX_FEATURE:0cxx_defaulted_functions
    Feature record: CXX_FEATURE:0cxx_defaulted_move_initializers
    Feature record: CXX_FEATURE:0cxx_delegating_constructors
    Feature record: CXX_FEATURE:0cxx_deleted_functions
    Feature record: CXX_FEATURE:0cxx_digit_separators
    Feature record: CXX_FEATURE:0cxx_enum_forward_declarations
    Feature record: CXX_FEATURE:0cxx_explicit_conversions
    Feature record: CXX_FEATURE:0cxx_extended_friend_declarations
    Feature record: CXX_FEATURE:0cxx_extern_templates
    Feature record: CXX_FEATURE:0cxx_final
    Feature record: CXX_FEATURE:0cxx_func_identifier
    Feature record: CXX_FEATURE:0cxx_generalized_initializers
    Feature record: CXX_FEATURE:0cxx_generic_lambdas
    Feature record: CXX_FEATURE:0cxx_inheriting_constructors
    Feature record: CXX_FEATURE:0cxx_inline_namespaces
    Feature record: CXX_FEATURE:0cxx_lambdas
    Feature record: CXX_FEATURE:0cxx_lambda_init_captures
    Feature record: CXX_FEATURE:0cxx_local_type_template_args
    Feature record: CXX_FEATURE:0cxx_long_long_type
    Feature record: CXX_FEATURE:0cxx_noexcept
    Feature record: CXX_FEATURE:0cxx_nonstatic_member_init
    Feature record: CXX_FEATURE:0cxx_nullptr
    Feature record: CXX_FEATURE:0cxx_override
    Feature record: CXX_FEATURE:0cxx_range_for
    Feature record: CXX_FEATURE:0cxx_raw_string_literals
    Feature record: CXX_FEATURE:0cxx_reference_qualified_functions
    Feature record: CXX_FEATURE:0cxx_relaxed_constexpr
    Feature record: CXX_FEATURE:0cxx_return_type_deduction
    Feature record: CXX_FEATURE:0cxx_right_angle_brackets
    Feature record: CXX_FEATURE:0cxx_rvalue_references
    Feature record: CXX_FEATURE:0cxx_sizeof_member
    Feature record: CXX_FEATURE:0cxx_static_assert
    Feature record: CXX_FEATURE:0cxx_strong_enums
    Feature record: CXX_FEATURE:1cxx_template_template_parameters
    Feature record: CXX_FEATURE:0cxx_thread_local
    Feature record: CXX_FEATURE:0cxx_trailing_return_types
    Feature record: CXX_FEATURE:0cxx_unicode_literals
    Feature record: CXX_FEATURE:0cxx_uniform_initialization
    Feature record: CXX_FEATURE:0cxx_unrestricted_unions
    Feature record: CXX_FEATURE:0cxx_user_literals
    Feature record: CXX_FEATURE:0cxx_variable_templates
    Feature record: CXX_FEATURE:0cxx_variadic_macros
    Feature record: CXX_FEATURE:0cxx_variadic_templates
